Build started 6/1/2020 9:01:09 AM.
     1>Project "D:\facultate\sem2\PI\proiect\OpenCVApplication-VS2013_OCV2413_basic\OpenCVApplication.vcxproj" on node 2 (Build target(s)).
     1>ClCompile:
         C:\Program Files (x86)\Microsoft Visual Studio 12.0\VC\bin\CL.exe /c /IOpenCV/Include /ZI /nologo /W3 /WX- /sdl /Od /Oy- /D WIN32 /D _DEBUG /D _CONSOLE /D _CRT_SECURE_NO_WARNINGS /D _MBCS /Gm /EHsc /RTC1 /MDd /GS /fp:precise /Zc:wchar_t /Zc:forScope /Yu"stdafx.h" /Fp"Debug\OpenCVApplication.pch" /Fo"Debug\\" /Fd"Debug\vc120.pdb" /Gd /TP /analyze- /errorReport:prompt OpenCVApplication.cpp
         OpenCVApplication.cpp
     1>d:\facultate\sem2\pi\proiect\opencvapplication-vs2013_ocv2413_basic\opencvapplication.cpp(27): warning C4018: '<' : signed/unsigned mismatch
     1>d:\facultate\sem2\pi\proiect\opencvapplication-vs2013_ocv2413_basic\opencvapplication.cpp(74): warning C4018: '<' : signed/unsigned mismatch
     1>d:\facultate\sem2\pi\proiect\opencvapplication-vs2013_ocv2413_basic\opencvapplication.cpp(128): warning C4244: 'argument' : conversion from 'time_t' to 'unsigned int', possible loss of data
       Link:
         C:\Program Files (x86)\Microsoft Visual Studio 12.0\VC\bin\link.exe /ERRORREPORT:PROMPT /OUT:"D:\facultate\sem2\PI\proiect\OpenCVApplication-VS2013_OCV2413_basic\Debug\OpenCVApplication.exe" /INCREMENTAL /NOLOGO /LIBPATH:OpenCV/Lib opencv_calib3d2413d.lib opencv_contrib2413d.lib opencv_core2413d.lib opencv_features2d2413d.lib opencv_flann2413d.lib opencv_gpu2413d.lib opencv_highgui2413d.lib opencv_imgproc2413d.lib opencv_legacy2413d.lib opencv_ml2413d.lib opencv_nonfree2413d.lib opencv_objdetect2413d.lib opencv_ocl2413d.lib opencv_photo2413d.lib opencv_stitching2413d.lib opencv_superres2413d.lib opencv_ts2413d.lib opencv_video2413d.lib opencv_videostab2413d.lib kernel32.lib user32.lib gdi32.lib winspool.lib comdlg32.lib advapi32.lib shell32.lib ole32.lib oleaut32.lib uuid.lib odbc32.lib odbccp32.lib /MANIFEST /MANIFESTUAC:"level='asInvoker' uiAccess='false'" /manifest:embed /DEBUG /PDB:"D:\facultate\sem2\PI\proiect\OpenCVApplication-VS2013_OCV2413_basic\Debug\OpenCVApplication.pdb" /SUBSYSTEM:CONSOLE /TLBID:1 /DYNAMICBASE /NXCOMPAT /IMPLIB:"D:\facultate\sem2\PI\proiect\OpenCVApplication-VS2013_OCV2413_basic\Debug\OpenCVApplication.lib" /MACHINE:X86 Debug\common.obj
         Debug\OpenCVApplication.obj
         Debug\stdafx.obj
         OpenCVApplication.vcxproj -> D:\facultate\sem2\PI\proiect\OpenCVApplication-VS2013_OCV2413_basic\Debug\OpenCVApplication.exe
       PostBuildEvent:
         copy OpenCV\dll\Debug\*.dll Debug
         :VCEnd
         OpenCV\dll\Debug\opencv_calib3d2413d.dll
         OpenCV\dll\Debug\opencv_contrib2413d.dll
         OpenCV\dll\Debug\opencv_core2413d.dll
         OpenCV\dll\Debug\opencv_features2d2413d.dll
         OpenCV\dll\Debug\opencv_ffmpeg2413.dll
         OpenCV\dll\Debug\opencv_flann2413d.dll
         OpenCV\dll\Debug\opencv_gpu2413d.dll
         OpenCV\dll\Debug\opencv_highgui2413d.dll
         OpenCV\dll\Debug\opencv_imgproc2413d.dll
         OpenCV\dll\Debug\opencv_legacy2413d.dll
         OpenCV\dll\Debug\opencv_ml2413d.dll
         OpenCV\dll\Debug\opencv_nonfree2413d.dll
         OpenCV\dll\Debug\opencv_objdetect2413d.dll
         OpenCV\dll\Debug\opencv_ocl2413d.dll
         OpenCV\dll\Debug\opencv_photo2413d.dll
         OpenCV\dll\Debug\opencv_stitching2413d.dll
         OpenCV\dll\Debug\opencv_superres2413d.dll
         OpenCV\dll\Debug\opencv_video2413d.dll
         OpenCV\dll\Debug\opencv_videostab2413d.dll
                19 file(s) copied.
     1>Done Building Project "D:\facultate\sem2\PI\proiect\OpenCVApplication-VS2013_OCV2413_basic\OpenCVApplication.vcxproj" (Build target(s)).

Build succeeded.

Time Elapsed 00:00:02.55
